<?xml version="1.0" encoding="UTF-8"?>
<testng-results skipped="0" failed="0" ignored="0" total="1" passed="1">
  <reporter-output>
  </reporter-output>
  <suite name="Default suite" duration-ms="20181" started-at="2017-03-05T10:33:45Z" finished-at="2017-03-05T10:34:05Z">
    <groups>
    </groups>
    <test name="Default test" duration-ms="20181" started-at="2017-03-05T10:33:45Z" finished-at="2017-03-05T10:34:05Z">
      <class name="testCase.VerifyLoginPageWithReports1">
        <test-method status="PASS" signature="setUp()[pri:0, instance:testCase.VerifyLoginPageWithReports1@328908cd]" name="setUp" is-config="true" duration-ms="11667" started-at="2017-03-05T16:03:45Z" finished-at="2017-03-05T16:03:57Z">
          <reporter-output>
          </reporter-output>
        </test-method> <!-- setUp -->
        <test-method status="PASS" signature="testLoginPage()[pri:0, instance:testCase.VerifyLoginPageWithReports1@328908cd]" name="testLoginPage" duration-ms="6945" started-at="2017-03-05T16:03:57Z" finished-at="2017-03-05T16:04:04Z">
          <reporter-output>
          </reporter-output>
        </test-method> <!-- testLoginPage -->
        <test-method status="PASS" signature="tearDown(org.testng.ITestResult)[pri:0, instance:testCase.VerifyLoginPageWithReports1@328908cd]" name="tearDown" is-config="true" duration-ms="1538" started-at="2017-03-05T16:04:04Z" finished-at="2017-03-05T16:04:05Z">
          <params>
            <param index="0">
              <value>
                <![CDATA[[TestResult name=testLoginPage status=SUCCESS method=VerifyLoginPageWithReports1.testLoginPage()[pri:0, instance:testCase.VerifyLoginPageWithReports1@328908cd] output={null}]]]>
              </value>
            </param>
          </params>
          <reporter-output>
          </reporter-output>
        </test-method> <!-- tearDown -->
      </class> <!-- testCase.VerifyLoginPageWithReports1 -->
    </test> <!-- Default test -->
  </suite> <!-- Default suite -->
</testng-results>
