<?xml version="1.0" encoding="UTF-8"?>
<testng-results skipped="0" failed="0" ignored="0" total="1" passed="1">
  <reporter-output>
  </reporter-output>
  <suite name="Default suite" duration-ms="19949" started-at="2017-03-05T10:25:49Z" finished-at="2017-03-05T10:26:09Z">
    <groups>
    </groups>
    <test name="Default test" duration-ms="19949" started-at="2017-03-05T10:25:49Z" finished-at="2017-03-05T10:26:09Z">
      <class name="testCase.VerifyLoginPageWithReports">
        <test-method status="PASS" signature="setUp()[pri:0, instance:testCase.VerifyLoginPageWithReports@65e7aa15]" name="setUp" is-config="true" duration-ms="10614" started-at="2017-03-05T15:55:49Z" finished-at="2017-03-05T15:55:59Z">
          <reporter-output>
          </reporter-output>
        </test-method> <!-- setUp -->
        <test-method status="PASS" signature="testLoginPage()[pri:0, instance:testCase.VerifyLoginPageWithReports@65e7aa15]" name="testLoginPage" duration-ms="7762" started-at="2017-03-05T15:55:59Z" finished-at="2017-03-05T15:56:07Z">
          <reporter-output>
          </reporter-output>
        </test-method> <!-- testLoginPage -->
        <test-method status="PASS" signature="tearDown()[pri:0, instance:testCase.VerifyLoginPageWithReports@65e7aa15]" name="tearDown" is-config="true" duration-ms="1538" started-at="2017-03-05T15:56:07Z" finished-at="2017-03-05T15:56:09Z">
          <reporter-output>
          </reporter-output>
        </test-method> <!-- tearDown -->
      </class> <!-- testCase.VerifyLoginPageWithReports -->
    </test> <!-- Default test -->
  </suite> <!-- Default suite -->
</testng-results>
